<?xml version="1.0" encoding="UTF-8"?>
<testng-results skipped="0" failed="0" ignored="0" total="1" passed="1">
  <reporter-output>
  </reporter-output>
  <suite name="Default suite" duration-ms="35154" started-at="2023-01-26T15:06:59Z" finished-at="2023-01-26T15:07:34Z">
    <groups>
    </groups>
    <test name="Default test" duration-ms="35154" started-at="2023-01-26T15:06:59Z" finished-at="2023-01-26T15:07:34Z">
      <class name="LoginTest.invalidLogin_TC002">
        <test-method status="PASS" signature="Test2()[pri:0, instance:LoginTest.invalidLogin_TC002@6193932a]" name="Test2" duration-ms="35109" started-at="2023-01-26T15:06:59Z" finished-at="2023-01-26T15:07:34Z">
          <reporter-output>
          </reporter-output>
        </test-method> <!-- Test2 -->
      </class> <!-- LoginTest.invalidLogin_TC002 -->
    </test> <!-- Default test -->
  </suite> <!-- Default suite -->
</testng-results>
